Performing system checks...

System check identified no issues (0 silenced).
November 19, 2019 - 03:19:54
Django version 2.0.1, using settings 'hydra.settings'
Starting development server at http://0.0.0.0:8080/
Quit the server with CONTROL-C.
Performing system checks...

System check identified no issues (0 silenced).
November 19, 2019 - 03:44:15
Django version 2.0.1, using settings 'hydra.settings'
Starting development server at http://0.0.0.0:8080/
Quit the server with CONTROL-C.
Performing system checks...

System check identified no issues (0 silenced).
November 19, 2019 - 03:44:18
Django version 2.0.1, using settings 'hydra.settings'
Starting development server at http://0.0.0.0:8080/
Quit the server with CONTROL-C.
Performing system checks...

System check identified no issues (0 silenced).
November 19, 2019 - 03:44:24
Django version 2.0.1, using settings 'hydra.settings'
Starting development server at http://0.0.0.0:8080/
Quit the server with CONTROL-C.
Performing system checks...

System check identified no issues (0 silenced).
November 19, 2019 - 03:44:27
Django version 2.0.1, using settings 'hydra.settings'
Starting development server at http://0.0.0.0:8080/
Quit the server with CONTROL-C.
Performing system checks...

System check identified no issues (0 silenced).
November 19, 2019 - 03:45:39
Django version 2.0.1, using settings 'hydra.settings'
Starting development server at http://0.0.0.0:8080/
Quit the server with CONTROL-C.
Performing system checks...

Performing system checks...

Performing system checks...

